[15:52:38] [Client thread/INFO]: Setting user: Player87
[15:52:39] [Client thread/INFO]: LWJGL Version: 2.9.1
[15:52:41] [Client thread/INFO]: Reloading ResourceManager: Default, FMLFileResourcePack:Forge Mod Loader, FMLFileResourcePack:Minecraft Forge, FMLFileResourcePack:Microsoft Malmo Platform
[15:52:41] [Client thread/WARN]: ResourcePack: ignored non-lowercase namespace: MalmoMod in D:\Malmo\Malmo-0.17.0-Windows-64bit\Minecraft\build\libs\MalmoMod.jar
[15:52:41] [Client thread/WARN]: ResourcePack: ignored non-lowercase namespace: MalmoMod in D:\Malmo\Malmo-0.17.0-Windows-64bit\Minecraft\build\libs\MalmoMod.jar
[15:52:41] [Client thread/WARN]: ResourcePack: ignored non-lowercase namespace: MalmoMod in D:\Malmo\Malmo-0.17.0-Windows-64bit\Minecraft\build\libs\MalmoMod.jar
[15:52:42] [Sound Library Loader/INFO]: Starting up SoundSystem...
[15:52:42] [Thread-9/INFO]: Initializing LWJGL OpenAL
[15:52:42] [Thread-9/INFO]: (The LWJGL binding of OpenAL.  For more information, see http://www.lwjgl.org)
[15:52:42] [Thread-9/INFO]: OpenAL initialized.
[15:52:42] [Sound Library Loader/INFO]: Sound engine started
[15:52:44] [Client thread/INFO]: Created: 16x16 textures-atlas
[15:52:44] [Client thread/INFO]: Reloading ResourceManager: Default, FMLFileResourcePack:Forge Mod Loader, FMLFileResourcePack:Minecraft Forge, FMLFileResourcePack:Microsoft Malmo Platform
[15:52:44] [Client thread/WARN]: ResourcePack: ignored non-lowercase namespace: MalmoMod in D:\Malmo\Malmo-0.17.0-Windows-64bit\Minecraft\build\libs\MalmoMod.jar
[15:52:44] [Client thread/WARN]: ResourcePack: ignored non-lowercase namespace: MalmoMod in D:\Malmo\Malmo-0.17.0-Windows-64bit\Minecraft\build\libs\MalmoMod.jar
[15:52:44] [Client thread/WARN]: ResourcePack: ignored non-lowercase namespace: MalmoMod in D:\Malmo\Malmo-0.17.0-Windows-64bit\Minecraft\build\libs\MalmoMod.jar
[15:52:44] [Client thread/INFO]: SoundSystem shutting down...
[15:52:45] [Client thread/WARN]: Author: Paul Lamb, www.paulscode.com
[15:52:45] [Sound Library Loader/INFO]: Starting up SoundSystem...
[15:52:45] [Thread-11/INFO]: Initializing LWJGL OpenAL
[15:52:45] [Thread-11/INFO]: (The LWJGL binding of OpenAL.  For more information, see http://www.lwjgl.org)
[15:52:45] [Thread-11/INFO]: OpenAL initialized.
[15:52:45] [Sound Library Loader/INFO]: Sound engine started
[15:52:46] [Client thread/INFO]: Created: 512x512 textures-atlas
[16:12:26] [Server thread/INFO]: Starting integrated minecraft server version 1.8
[16:12:26] [Server thread/INFO]: Generating keypair
[16:12:26] [Server thread/INFO]: Converting map!
[16:12:26] [Server thread/INFO]: Scanning folders...
[16:12:26] [Server thread/INFO]: Total conversion count is 0
[16:12:26] [Server thread/WARN]: Unable to find spawn biome
[16:12:26] [Server thread/INFO]: Preparing start region for level 0
[16:12:27] [Server thread/INFO]: Preparing spawn area: 36%
[16:12:28] [Server thread/INFO]: Preparing spawn area: 75%
[16:12:30] [Server thread/INFO]: Changing view distance to 12, from 10
[16:12:30] [Server thread/INFO]: Received mission: §9Hello world!
[16:12:30] [Server thread/INFO]: Source: §a127.0.0.1
[16:12:30] [Server thread/INFO]: Player87[local:E:882efb37] logged in with entity id 0 at (-9.5, 227.0, -7.5)
[16:12:30] [Server thread/INFO]: Player87 joined the game
[16:12:34] [Client thread/INFO]: [CHAT] §l30...
[16:12:34] [Server thread/WARN]: Can't keep up! Did the system time change, or is the server overloaded? Running 4188ms behind, skipping 83 tick(s)
[16:12:34] [Client thread/INFO]: [CHAT] §l29...
[16:12:34] [Client thread/INFO]: [CHAT] §l28...
[16:12:34] [Client thread/INFO]: [CHAT] §l27...
[16:12:35] [Client thread/INFO]: [CHAT] §l26...
[16:12:36] [Client thread/INFO]: [CHAT] §l25...
[16:12:37] [Client thread/INFO]: [CHAT] §l24...
[16:12:38] [Client thread/INFO]: [CHAT] §l23...
[16:12:39] [Client thread/INFO]: [CHAT] §l22...
[16:12:40] [Client thread/INFO]: [CHAT] §l21...
[16:12:41] [Client thread/INFO]: [CHAT] §l20...
[16:12:42] [Client thread/INFO]: [CHAT] §l19...
[16:12:43] [Client thread/INFO]: [CHAT] §l18...
[16:12:44] [Client thread/INFO]: [CHAT] §l17...
[16:12:45] [Client thread/INFO]: [CHAT] §l16...
[16:12:46] [Client thread/INFO]: [CHAT] §l15...
[16:12:47] [Client thread/INFO]: [CHAT] §l14...
[16:12:48] [Client thread/INFO]: [CHAT] §l13...
[16:12:49] [Client thread/INFO]: [CHAT] §l12...
[16:12:50] [Client thread/INFO]: [CHAT] §l11...
[16:12:51] [Client thread/INFO]: [CHAT] §l10...
[16:12:52] [Client thread/INFO]: [CHAT] §l9...
[16:12:53] [Client thread/INFO]: [CHAT] §l8...
[16:12:54] [Client thread/INFO]: [CHAT] §l7...
[16:12:55] [Client thread/INFO]: [CHAT] §l6...
[16:12:56] [Client thread/INFO]: [CHAT] §c§l5...
[16:12:57] [Client thread/INFO]: [CHAT] §c§l4...
[16:12:58] [Client thread/INFO]: [CHAT] §c§l3...
[16:12:59] [Client thread/INFO]: [CHAT] §c§l2...
[16:13:00] [Client thread/INFO]: [CHAT] §c§l1...
[16:13:01] [Client thread/INFO]: [CHAT] §c§l0...
[16:14:56] [Server thread/INFO]: Received mission: §9Hello world!
[16:14:56] [Server thread/INFO]: Source: §a127.0.0.1
[16:14:56] [Client thread/INFO]: [CHAT] Received mission: §9Hello world!
[16:14:56] [Client thread/INFO]: [CHAT] Source: §a127.0.0.1
[16:14:56] [Client thread/INFO]: [CHAT] §l30...
[16:14:57] [Client thread/INFO]: [CHAT] §l29...
[16:14:58] [Client thread/INFO]: [CHAT] §l28...
[16:14:59] [Client thread/INFO]: [CHAT] §l27...
[16:15:00] [Client thread/INFO]: [CHAT] §l26...
[16:15:01] [Client thread/INFO]: [CHAT] §l25...
[16:15:02] [Client thread/INFO]: [CHAT] §l24...
[16:15:03] [Client thread/INFO]: [CHAT] §l23...
[16:15:04] [Client thread/INFO]: [CHAT] §l22...
[16:15:05] [Client thread/INFO]: [CHAT] §l21...
[16:15:06] [Client thread/INFO]: [CHAT] §l20...
[16:15:07] [Client thread/INFO]: [CHAT] §l19...
[16:15:08] [Client thread/INFO]: [CHAT] §l18...
[16:15:09] [Client thread/INFO]: [CHAT] §l17...
[16:15:10] [Client thread/INFO]: [CHAT] §l16...
[16:15:11] [Client thread/INFO]: [CHAT] §l15...
[16:15:12] [Client thread/INFO]: [CHAT] §l14...
[16:15:13] [Client thread/INFO]: [CHAT] §l13...
[16:15:14] [Client thread/INFO]: [CHAT] §l12...
[16:15:15] [Client thread/INFO]: [CHAT] §l11...
[16:15:16] [Client thread/INFO]: [CHAT] §l10...
[16:15:17] [Client thread/INFO]: [CHAT] §l9...
[16:15:18] [Client thread/INFO]: [CHAT] §l8...
[16:15:19] [Client thread/INFO]: [CHAT] §l7...
[16:15:20] [Client thread/INFO]: [CHAT] §l6...
[16:15:21] [Client thread/INFO]: [CHAT] §c§l5...
[16:15:22] [Client thread/INFO]: [CHAT] §c§l4...
[16:15:32] [Server thread/INFO]: Received mission: §9Hello world!
[16:15:32] [Server thread/INFO]: Source: §a127.0.0.1
[16:15:32] [Client thread/INFO]: [CHAT] Received mission: §9Hello world!
[16:15:32] [Client thread/INFO]: [CHAT] Source: §a127.0.0.1
[16:15:32] [Client thread/INFO]: [CHAT] §l30...
[16:15:33] [Client thread/INFO]: [CHAT] §l29...
[16:15:34] [Client thread/INFO]: [CHAT] §l28...
[16:15:35] [Client thread/INFO]: [CHAT] §l27...
[16:15:36] [Client thread/INFO]: [CHAT] §l26...
[16:15:37] [Client thread/INFO]: [CHAT] §l25...
[16:15:38] [Client thread/INFO]: [CHAT] §l24...
[16:15:39] [Client thread/INFO]: [CHAT] §l23...
[16:15:40] [Client thread/INFO]: [CHAT] §l22...
[16:15:41] [Client thread/INFO]: [CHAT] §l21...
[16:15:42] [Client thread/INFO]: [CHAT] §l20...
[16:15:43] [Client thread/INFO]: [CHAT] §l19...
[16:15:44] [Client thread/INFO]: [CHAT] §l18...
[16:15:45] [Client thread/INFO]: [CHAT] §l17...
[16:15:46] [Client thread/INFO]: [CHAT] §l16...
[16:15:47] [Client thread/INFO]: [CHAT] §l15...
[16:15:48] [Client thread/INFO]: [CHAT] §l14...
[16:15:49] [Client thread/INFO]: [CHAT] §l13...
[16:15:50] [Client thread/INFO]: [CHAT] §l12...
[16:15:51] [Client thread/INFO]: [CHAT] §l11...
[16:15:52] [Client thread/INFO]: [CHAT] §l10...
[16:15:53] [Client thread/INFO]: [CHAT] §l9...
[16:15:54] [Client thread/INFO]: [CHAT] §l8...
[16:15:55] [Client thread/INFO]: [CHAT] §l7...
[16:15:56] [Client thread/INFO]: [CHAT] §l6...
[16:15:57] [Client thread/INFO]: [CHAT] §c§l5...
[16:17:22] [Server thread/INFO]: Received mission: §9Hello world!
[16:17:22] [Server thread/INFO]: Source: §a127.0.0.1
[16:17:22] [Client thread/INFO]: [CHAT] Received mission: §9Hello world!
[16:17:22] [Client thread/INFO]: [CHAT] Source: §a127.0.0.1
[16:17:22] [Client thread/INFO]: [CHAT] §l30...
[16:17:23] [Client thread/INFO]: [CHAT] §l29...
[16:17:24] [Client thread/INFO]: [CHAT] §l28...
[16:17:25] [Client thread/INFO]: [CHAT] §l27...
[16:17:26] [Client thread/INFO]: [CHAT] §l26...
[16:17:27] [Client thread/INFO]: [CHAT] §l25...
[16:17:28] [Client thread/INFO]: [CHAT] §l24...
[16:17:29] [Client thread/INFO]: [CHAT] §l23...
[16:17:30] [Client thread/INFO]: [CHAT] §l22...
[16:17:31] [Client thread/INFO]: [CHAT] §l21...
[16:17:32] [Client thread/INFO]: [CHAT] §l20...
[16:17:33] [Client thread/INFO]: [CHAT] §l19...
[16:17:34] [Client thread/INFO]: [CHAT] §l18...
[16:17:35] [Client thread/INFO]: [CHAT] §l17...
[16:17:36] [Client thread/INFO]: [CHAT] §l16...
[16:17:37] [Client thread/INFO]: [CHAT] §l15...
[16:17:38] [Client thread/INFO]: [CHAT] §l14...
[16:17:39] [Client thread/INFO]: [CHAT] §l13...
[16:17:40] [Client thread/INFO]: [CHAT] §l12...
[16:17:41] [Client thread/INFO]: [CHAT] §l11...
[16:17:42] [Client thread/INFO]: [CHAT] §l10...
[16:17:43] [Client thread/INFO]: [CHAT] §l9...
[16:17:44] [Client thread/INFO]: [CHAT] §l8...
[16:17:45] [Client thread/INFO]: [CHAT] §l7...
[16:17:46] [Client thread/INFO]: [CHAT] §l6...
[16:17:47] [Client thread/INFO]: [CHAT] §c§l5...
[16:17:50] [Server thread/INFO]: Received mission: §9Hello world!
[16:17:50] [Server thread/INFO]: Source: §a127.0.0.1
[16:17:50] [Client thread/INFO]: [CHAT] Received mission: §9Hello world!
[16:17:50] [Client thread/INFO]: [CHAT] Source: §a127.0.0.1
[16:17:50] [Client thread/INFO]: [CHAT] §l30...
[16:17:51] [Client thread/INFO]: [CHAT] §l29...
[16:17:52] [Client thread/INFO]: [CHAT] §l28...
[16:17:53] [Client thread/INFO]: [CHAT] §l27...
[16:17:54] [Client thread/INFO]: [CHAT] §l26...
[16:17:55] [Client thread/INFO]: [CHAT] §l25...
[16:17:56] [Client thread/INFO]: [CHAT] §l24...
[16:17:57] [Client thread/INFO]: [CHAT] §l23...
[16:17:58] [Client thread/INFO]: [CHAT] §l22...
[16:17:59] [Client thread/INFO]: [CHAT] §l21...
[16:18:00] [Client thread/INFO]: [CHAT] §l20...
[16:18:01] [Client thread/INFO]: [CHAT] §l19...
[16:18:02] [Client thread/INFO]: [CHAT] §l18...
[16:18:03] [Client thread/INFO]: [CHAT] §l17...
[16:18:04] [Client thread/INFO]: [CHAT] §l16...
[16:18:05] [Client thread/INFO]: [CHAT] §l15...
[16:18:43] [Server thread/INFO]: Received mission: §9Hello world!
[16:18:43] [Server thread/INFO]: Source: §a127.0.0.1
[16:18:43] [Client thread/INFO]: [CHAT] Received mission: §9Hello world!
[16:18:43] [Client thread/INFO]: [CHAT] Source: §a127.0.0.1
[16:18:43] [Client thread/INFO]: [CHAT] §l30...
[16:18:44] [Client thread/INFO]: [CHAT] §l29...
[16:18:45] [Client thread/INFO]: [CHAT] §l28...
[16:18:46] [Client thread/INFO]: [CHAT] §l27...
[16:18:47] [Client thread/INFO]: [CHAT] §l26...
[16:18:48] [Client thread/INFO]: [CHAT] §l25...
[16:18:49] [Client thread/INFO]: [CHAT] §l24...
[16:18:50] [Client thread/INFO]: [CHAT] §l23...
[16:18:51] [Client thread/INFO]: [CHAT] §l22...
[16:18:52] [Client thread/INFO]: [CHAT] §l21...
[16:18:53] [Client thread/INFO]: [CHAT] §l20...
[16:18:54] [Client thread/INFO]: [CHAT] §l19...
[16:18:55] [Client thread/INFO]: [CHAT] §l18...
[16:18:56] [Client thread/INFO]: [CHAT] §l17...
[16:18:57] [Client thread/INFO]: [CHAT] §l16...
[16:18:58] [Client thread/INFO]: [CHAT] §l15...
[16:18:59] [Client thread/INFO]: [CHAT] §l14...
[16:19:00] [Client thread/INFO]: [CHAT] §l13...
[16:19:01] [Client thread/INFO]: [CHAT] §l12...
[16:19:02] [Client thread/INFO]: [CHAT] §l11...
[16:19:03] [Client thread/INFO]: [CHAT] §l10...
[16:19:04] [Client thread/INFO]: [CHAT] §l9...
[16:19:05] [Client thread/INFO]: [CHAT] §l8...
[16:19:06] [Client thread/INFO]: [CHAT] §l7...
[16:19:07] [Client thread/INFO]: [CHAT] §l6...
[16:19:08] [Client thread/INFO]: [CHAT] §c§l5...
[16:19:09] [Client thread/INFO]: [CHAT] §c§l4...
[16:19:10] [Client thread/INFO]: [CHAT] §c§l3...
[16:19:11] [Client thread/INFO]: [CHAT] §c§l2...
[16:19:12] [Client thread/INFO]: [CHAT] §c§l1...
[16:19:13] [Client thread/INFO]: [CHAT] §c§l0...
[16:22:09] [Server thread/INFO]: Received mission: §9Hello world!
[16:22:09] [Server thread/INFO]: Source: §a127.0.0.1
[16:22:09] [Client thread/INFO]: [CHAT] Received mission: §9Hello world!
[16:22:09] [Client thread/INFO]: [CHAT] Source: §a127.0.0.1
[16:22:09] [Client thread/INFO]: [CHAT] §l30...
[16:22:10] [Client thread/INFO]: [CHAT] §l29...
[16:22:11] [Client thread/INFO]: [CHAT] §l28...
[16:22:12] [Client thread/INFO]: [CHAT] §l27...
[16:22:13] [Client thread/INFO]: [CHAT] §l26...
[16:22:14] [Client thread/INFO]: [CHAT] §l25...
[16:22:15] [Client thread/INFO]: [CHAT] §l24...
[16:22:16] [Client thread/INFO]: [CHAT] §l23...
[16:22:17] [Client thread/INFO]: [CHAT] §l22...
[16:22:18] [Client thread/INFO]: [CHAT] §l21...
[16:22:19] [Client thread/INFO]: [CHAT] §l20...
[16:22:20] [Client thread/INFO]: [CHAT] §l19...
[16:22:23] [Server thread/INFO]: Received mission: §9Hello world!
[16:22:23] [Server thread/INFO]: Source: §a127.0.0.1
[16:22:23] [Client thread/INFO]: [CHAT] Received mission: §9Hello world!
[16:22:23] [Client thread/INFO]: [CHAT] Source: §a127.0.0.1
[16:22:24] [Client thread/INFO]: [CHAT] §l30...
[16:22:25] [Client thread/INFO]: [CHAT] §l29...
[16:22:26] [Client thread/INFO]: [CHAT] §l28...
[16:22:27] [Client thread/INFO]: [CHAT] §l27...
[16:22:28] [Client thread/INFO]: [CHAT] §l26...
[16:22:29] [Client thread/INFO]: [CHAT] §l25...
[16:22:30] [Client thread/INFO]: [CHAT] §l24...
[16:22:31] [Client thread/INFO]: [CHAT] §l23...
[16:22:32] [Client thread/INFO]: [CHAT] §l22...
[16:22:33] [Client thread/INFO]: [CHAT] §l21...
[16:22:34] [Client thread/INFO]: [CHAT] §l20...
[16:22:35] [Client thread/INFO]: [CHAT] §l19...
[16:22:36] [Client thread/INFO]: [CHAT] §l18...
[16:22:37] [Client thread/INFO]: [CHAT] §l17...
[16:22:38] [Client thread/INFO]: [CHAT] §l16...
[16:22:39] [Client thread/INFO]: [CHAT] §l15...
[16:22:40] [Client thread/INFO]: [CHAT] §l14...
[16:22:41] [Client thread/INFO]: [CHAT] §l13...
[16:22:42] [Client thread/INFO]: [CHAT] §l12...
[16:22:43] [Client thread/INFO]: [CHAT] §l11...
[16:22:44] [Client thread/INFO]: [CHAT] §l10...
[16:22:45] [Client thread/INFO]: [CHAT] §l9...
[16:22:46] [Client thread/INFO]: [CHAT] §l8...
[16:22:47] [Client thread/INFO]: [CHAT] §l7...
[16:22:48] [Client thread/INFO]: [CHAT] §l6...
[16:22:49] [Client thread/INFO]: [CHAT] §c§l5...
[16:22:50] [Client thread/INFO]: [CHAT] §c§l4...
[16:22:51] [Client thread/INFO]: [CHAT] §c§l3...
[16:22:52] [Client thread/INFO]: [CHAT] §c§l2...
[16:24:59] [Server thread/INFO]: Received mission: §9Hello world!
[16:24:59] [Server thread/INFO]: Source: §a127.0.0.1
[16:24:59] [Client thread/INFO]: [CHAT] Received mission: §9Hello world!
[16:24:59] [Client thread/INFO]: [CHAT] Source: §a127.0.0.1
[16:25:00] [Client thread/INFO]: [CHAT] §l30...
[16:25:01] [Client thread/INFO]: [CHAT] §l29...
[16:25:02] [Client thread/INFO]: [CHAT] §l28...
[16:25:03] [Client thread/INFO]: [CHAT] §l27...
[16:25:04] [Client thread/INFO]: [CHAT] §l26...
[16:25:05] [Client thread/INFO]: [CHAT] §l25...
[16:25:06] [Client thread/INFO]: [CHAT] §l24...
[16:25:07] [Client thread/INFO]: [CHAT] §l23...
[16:25:08] [Client thread/INFO]: [CHAT] §l22...
[16:25:09] [Client thread/INFO]: [CHAT] §l21...
[16:25:10] [Client thread/INFO]: [CHAT] §l20...
[16:25:11] [Client thread/INFO]: [CHAT] §l19...
[16:25:12] [Client thread/INFO]: [CHAT] §l18...
[16:25:13] [Client thread/INFO]: [CHAT] §l17...
[16:31:01] [Server thread/INFO]: Received mission: §9Hello world!
[16:31:01] [Server thread/INFO]: Source: §a127.0.0.1
[16:31:01] [Client thread/INFO]: [CHAT] Received mission: §9Hello world!
[16:31:01] [Client thread/INFO]: [CHAT] Source: §a127.0.0.1
[16:31:01] [Client thread/INFO]: [CHAT] §l30...
[16:31:02] [Client thread/INFO]: [CHAT] §l29...
[16:31:03] [Client thread/INFO]: [CHAT] §l28...
[16:31:04] [Client thread/INFO]: [CHAT] §l27...
[16:31:05] [Client thread/INFO]: [CHAT] §l26...
[16:31:24] [Server thread/INFO]: Received mission: §9Hello world!
[16:31:24] [Server thread/INFO]: Source: §a127.0.0.1
[16:31:24] [Client thread/INFO]: [CHAT] Received mission: §9Hello world!
[16:31:24] [Client thread/INFO]: [CHAT] Source: §a127.0.0.1
[16:31:24] [Client thread/INFO]: [CHAT] §l30...
[16:31:25] [Client thread/INFO]: [CHAT] §l29...
[16:31:26] [Client thread/INFO]: [CHAT] §l28...
[16:31:27] [Client thread/INFO]: [CHAT] §l27...
[16:31:28] [Client thread/INFO]: [CHAT] §l26...
[16:31:29] [Client thread/INFO]: [CHAT] §l25...
[16:31:30] [Client thread/INFO]: [CHAT] §l24...
[16:31:31] [Client thread/INFO]: [CHAT] §l23...
[16:31:32] [Client thread/INFO]: [CHAT] §l22...
[16:31:33] [Client thread/INFO]: [CHAT] §l21...
[16:31:34] [Client thread/INFO]: [CHAT] §l20...
[16:31:35] [Client thread/INFO]: [CHAT] §l19...
[16:31:36] [Client thread/INFO]: [CHAT] §l18...
[16:31:37] [Client thread/INFO]: [CHAT] §l17...
[16:31:38] [Client thread/INFO]: [CHAT] §l16...
[16:31:39] [Client thread/INFO]: [CHAT] §l15...
[16:31:40] [Client thread/INFO]: [CHAT] §l14...
[16:31:41] [Client thread/INFO]: [CHAT] §l13...
[16:31:42] [Client thread/INFO]: [CHAT] §l12...
[16:31:43] [Client thread/INFO]: [CHAT] §l11...
[16:31:44] [Client thread/INFO]: [CHAT] §l10...
[16:31:45] [Client thread/INFO]: [CHAT] §l9...
[16:31:46] [Client thread/INFO]: [CHAT] §l8...
[16:31:47] [Client thread/INFO]: [CHAT] §l7...
[16:31:48] [Client thread/INFO]: [CHAT] §l6...
[16:31:49] [Client thread/INFO]: [CHAT] §c§l5...
[16:31:50] [Client thread/INFO]: [CHAT] §c§l4...
[16:31:51] [Client thread/INFO]: [CHAT] §c§l3...
[16:31:52] [Client thread/INFO]: [CHAT] §c§l2...
[16:31:53] [Client thread/INFO]: [CHAT] §c§l1...
[16:31:54] [Client thread/INFO]: [CHAT] §c§l0...
[16:32:06] [Server thread/INFO]: Received mission: §9Hello world!
[16:32:06] [Server thread/INFO]: Source: §a127.0.0.1
[16:32:06] [Client thread/INFO]: [CHAT] Received mission: §9Hello world!
[16:32:06] [Client thread/INFO]: [CHAT] Source: §a127.0.0.1
[16:32:07] [Client thread/INFO]: [CHAT] §l30...
[16:32:08] [Client thread/INFO]: [CHAT] §l29...
[16:32:09] [Client thread/INFO]: [CHAT] §l28...
[16:32:10] [Client thread/INFO]: [CHAT] §l27...
[16:32:11] [Client thread/INFO]: [CHAT] §l26...
[16:32:12] [Client thread/INFO]: [CHAT] §l25...
[16:32:13] [Client thread/INFO]: [CHAT] §l24...
[16:32:14] [Client thread/INFO]: [CHAT] §l23...
[16:32:15] [Client thread/INFO]: [CHAT] §l22...
[16:32:16] [Client thread/INFO]: [CHAT] §l21...
[16:32:17] [Client thread/INFO]: [CHAT] §l20...
[16:32:18] [Client thread/INFO]: [CHAT] §l19...
[16:32:19] [Client thread/INFO]: [CHAT] §l18...
[16:32:20] [Client thread/INFO]: [CHAT] §l17...
[16:32:21] [Client thread/INFO]: [CHAT] §l16...
[16:32:22] [Client thread/INFO]: [CHAT] §l15...
[16:32:23] [Client thread/INFO]: [CHAT] §l14...
[16:32:24] [Client thread/INFO]: [CHAT] §l13...
[16:32:25] [Client thread/INFO]: [CHAT] §l12...
[16:32:26] [Client thread/INFO]: [CHAT] §l11...
[16:32:27] [Client thread/INFO]: [CHAT] §l10...
[16:32:28] [Client thread/INFO]: [CHAT] §l9...
[16:32:29] [Client thread/INFO]: [CHAT] §l8...
[16:32:30] [Client thread/INFO]: [CHAT] §l7...
[16:32:31] [Client thread/INFO]: [CHAT] §l6...
[16:32:32] [Client thread/INFO]: [CHAT] §c§l5...
[16:32:33] [Client thread/INFO]: [CHAT] §c§l4...
[16:32:34] [Client thread/INFO]: [CHAT] §c§l3...
[16:32:35] [Client thread/INFO]: [CHAT] §c§l2...
[16:32:36] [Client thread/INFO]: [CHAT] §c§l1...
[16:32:37] [Client thread/INFO]: [CHAT] §c§l0...
[16:32:48] [Server thread/INFO]: Received mission: §9Hello world!
[16:32:48] [Server thread/INFO]: Source: §a127.0.0.1
[16:32:48] [Client thread/INFO]: [CHAT] Received mission: §9Hello world!
[16:32:48] [Client thread/INFO]: [CHAT] Source: §a127.0.0.1
[16:32:48] [Client thread/INFO]: [CHAT] §l30...
[16:32:49] [Client thread/INFO]: [CHAT] §l29...
[16:32:50] [Client thread/INFO]: [CHAT] §l28...
[16:32:51] [Client thread/INFO]: [CHAT] §l27...
[16:32:52] [Client thread/INFO]: [CHAT] §l26...
[16:32:53] [Client thread/INFO]: [CHAT] §l25...
[16:32:54] [Client thread/INFO]: [CHAT] §l24...
[16:32:55] [Client thread/INFO]: [CHAT] §l23...
[16:32:56] [Client thread/INFO]: [CHAT] §l22...
[16:32:57] [Client thread/INFO]: [CHAT] §l21...
[16:32:58] [Client thread/INFO]: [CHAT] §l20...
[16:32:59] [Client thread/INFO]: [CHAT] §l19...
[16:33:00] [Client thread/INFO]: [CHAT] §l18...
[16:33:01] [Client thread/INFO]: [CHAT] §l17...
[16:33:02] [Client thread/INFO]: [CHAT] §l16...
[16:33:03] [Client thread/INFO]: [CHAT] §l15...
[16:33:04] [Client thread/INFO]: [CHAT] §l14...
[16:33:05] [Client thread/INFO]: [CHAT] §l13...
[16:33:06] [Client thread/INFO]: [CHAT] §l12...
[16:33:07] [Client thread/INFO]: [CHAT] §l11...
[16:33:08] [Client thread/INFO]: [CHAT] §l10...
[16:33:09] [Client thread/INFO]: [CHAT] §l9...
[16:33:10] [Client thread/INFO]: [CHAT] §l8...
[16:33:11] [Client thread/INFO]: [CHAT] §l7...
[16:33:12] [Client thread/INFO]: [CHAT] §l6...
[16:33:13] [Client thread/INFO]: [CHAT] §c§l5...
[16:33:14] [Client thread/INFO]: [CHAT] §c§l4...
[16:33:15] [Client thread/INFO]: [CHAT] §c§l3...
[16:33:16] [Client thread/INFO]: [CHAT] §c§l2...
[16:33:17] [Client thread/INFO]: [CHAT] §c§l1...
[16:33:18] [Client thread/INFO]: [CHAT] §c§l0...
[16:37:15] [Server thread/INFO]: Received mission: §9Hello world!
[16:37:15] [Server thread/INFO]: Source: §a127.0.0.1
[16:37:15] [Client thread/INFO]: [CHAT] Received mission: §9Hello world!
[16:37:15] [Client thread/INFO]: [CHAT] Source: §a127.0.0.1
[16:37:16] [Client thread/INFO]: [CHAT] §l30...
[16:37:17] [Client thread/INFO]: [CHAT] §l29...
[16:37:18] [Client thread/INFO]: [CHAT] §l28...
[16:37:19] [Client thread/INFO]: [CHAT] §l27...
[16:37:20] [Client thread/INFO]: [CHAT] §l26...
[16:37:21] [Client thread/INFO]: [CHAT] §l25...
[16:37:22] [Client thread/INFO]: [CHAT] §l24...
[16:37:23] [Client thread/INFO]: [CHAT] §l23...
[16:37:24] [Client thread/INFO]: [CHAT] §l22...
[16:37:25] [Client thread/INFO]: [CHAT] §l21...
[16:37:26] [Client thread/INFO]: [CHAT] §l20...
[16:37:27] [Client thread/INFO]: [CHAT] §l19...
[16:37:28] [Client thread/INFO]: [CHAT] §l18...
[16:37:29] [Client thread/INFO]: [CHAT] §l17...
[16:37:30] [Client thread/INFO]: [CHAT] §l16...
[16:37:31] [Client thread/INFO]: [CHAT] §l15...
[16:37:32] [Client thread/INFO]: [CHAT] §l14...
[16:37:33] [Client thread/INFO]: [CHAT] §l13...
[16:37:34] [Client thread/INFO]: [CHAT] §l12...
[16:37:35] [Client thread/INFO]: [CHAT] §l11...
[16:37:36] [Client thread/INFO]: [CHAT] §l10...
[16:37:37] [Client thread/INFO]: [CHAT] §l9...
[16:37:38] [Client thread/INFO]: [CHAT] §l8...
[16:37:39] [Client thread/INFO]: [CHAT] §l7...
[16:37:40] [Client thread/INFO]: [CHAT] §l6...
[16:37:41] [Client thread/INFO]: [CHAT] §c§l5...
[16:37:42] [Client thread/INFO]: [CHAT] §c§l4...
[16:37:43] [Client thread/INFO]: [CHAT] §c§l3...
[16:37:44] [Client thread/INFO]: [CHAT] §c§l2...
[16:37:45] [Client thread/INFO]: [CHAT] §c§l1...
[16:37:46] [Client thread/INFO]: [CHAT] §c§l0...
[16:38:03] [Server thread/INFO]: Received mission: §9Hello world!
[16:38:03] [Server thread/INFO]: Source: §a127.0.0.1
[16:38:03] [Client thread/INFO]: [CHAT] Received mission: §9Hello world!
[16:38:03] [Client thread/INFO]: [CHAT] Source: §a127.0.0.1
[16:38:03] [Client thread/INFO]: [CHAT] §l30...
[16:38:04] [Client thread/INFO]: [CHAT] §l29...
[16:38:05] [Client thread/INFO]: [CHAT] §l28...
[16:38:06] [Client thread/INFO]: [CHAT] §l27...
[16:38:07] [Client thread/INFO]: [CHAT] §l26...
[16:38:08] [Client thread/INFO]: [CHAT] §l25...
[16:38:09] [Client thread/INFO]: [CHAT] §l24...
[16:38:10] [Client thread/INFO]: [CHAT] §l23...
[16:38:11] [Client thread/INFO]: [CHAT] §l22...
[16:38:12] [Client thread/INFO]: [CHAT] §l21...
[16:38:13] [Client thread/INFO]: [CHAT] §l20...
[16:38:14] [Client thread/INFO]: [CHAT] §l19...
[16:38:15] [Client thread/INFO]: [CHAT] §l18...
[16:38:16] [Client thread/INFO]: [CHAT] §l17...
[16:38:17] [Client thread/INFO]: [CHAT] §l16...
[16:38:18] [Client thread/INFO]: [CHAT] §l15...
[16:38:19] [Client thread/INFO]: [CHAT] §l14...
[16:38:20] [Client thread/INFO]: [CHAT] §l13...
[16:38:21] [Client thread/INFO]: [CHAT] §l12...
[16:38:22] [Client thread/INFO]: [CHAT] §l11...
[16:38:23] [Client thread/INFO]: [CHAT] §l10...
[16:38:24] [Client thread/INFO]: [CHAT] §l9...
[16:38:25] [Client thread/INFO]: [CHAT] §l8...
[16:38:26] [Client thread/INFO]: [CHAT] §l7...
[16:38:27] [Client thread/INFO]: [CHAT] §l6...
[16:38:28] [Client thread/INFO]: [CHAT] §c§l5...
[16:38:29] [Client thread/INFO]: [CHAT] §c§l4...
[16:38:30] [Client thread/INFO]: [CHAT] §c§l3...
[16:38:31] [Client thread/INFO]: [CHAT] §c§l2...
[16:38:32] [Client thread/INFO]: [CHAT] §c§l1...
[16:38:33] [Client thread/INFO]: [CHAT] §c§l0...
[16:40:02] [Server thread/INFO]: Received mission: §9Hello world!
[16:40:02] [Server thread/INFO]: Source: §a127.0.0.1
[16:40:02] [Client thread/INFO]: [CHAT] Received mission: §9Hello world!
[16:40:02] [Client thread/INFO]: [CHAT] Source: §a127.0.0.1
[16:40:02] [Client thread/INFO]: [CHAT] §l30...
[16:40:03] [Client thread/INFO]: [CHAT] §l29...
[16:40:04] [Client thread/INFO]: [CHAT] §l28...
[16:40:05] [Client thread/INFO]: [CHAT] §l27...
[16:40:06] [Client thread/INFO]: [CHAT] §l26...
[16:40:07] [Client thread/INFO]: [CHAT] §l25...
[16:40:08] [Client thread/INFO]: [CHAT] §l24...
[16:40:09] [Client thread/INFO]: [CHAT] §l23...
[16:40:10] [Client thread/INFO]: [CHAT] §l22...
[16:40:11] [Client thread/INFO]: [CHAT] §l21...
[16:40:12] [Client thread/INFO]: [CHAT] §l20...
[16:40:13] [Client thread/INFO]: [CHAT] §l19...
[16:40:14] [Client thread/INFO]: [CHAT] §l18...
[16:40:15] [Client thread/INFO]: [CHAT] §l17...
[16:40:16] [Client thread/INFO]: [CHAT] §l16...
[16:40:17] [Client thread/INFO]: [CHAT] §l15...
[16:40:18] [Client thread/INFO]: [CHAT] §l14...
[16:40:19] [Client thread/INFO]: [CHAT] §l13...
[16:40:20] [Client thread/INFO]: [CHAT] §l12...
[16:40:21] [Client thread/INFO]: [CHAT] §l11...
[16:40:22] [Client thread/INFO]: [CHAT] §l10...
[16:40:23] [Client thread/INFO]: [CHAT] §l9...
[16:40:24] [Client thread/INFO]: [CHAT] §l8...
[16:40:25] [Client thread/INFO]: [CHAT] §l7...
[16:40:26] [Client thread/INFO]: [CHAT] §l6...
[16:40:27] [Client thread/INFO]: [CHAT] §c§l5...
[16:40:28] [Client thread/INFO]: [CHAT] §c§l4...
[16:40:29] [Client thread/INFO]: [CHAT] §c§l3...
[16:40:30] [Client thread/INFO]: [CHAT] §c§l2...
[16:40:31] [Client thread/INFO]: [CHAT] §c§l1...
[16:40:32] [Client thread/INFO]: [CHAT] §c§l0...
[16:42:06] [Server thread/INFO]: Received mission: §9Hello world!
[16:42:06] [Server thread/INFO]: Source: §a127.0.0.1
[16:42:06] [Client thread/INFO]: [CHAT] Received mission: §9Hello world!
[16:42:06] [Client thread/INFO]: [CHAT] Source: §a127.0.0.1
[16:42:06] [Client thread/INFO]: [CHAT] §l30...
[16:42:07] [Client thread/INFO]: [CHAT] §l29...
[16:42:08] [Client thread/INFO]: [CHAT] §l28...
[16:42:09] [Client thread/INFO]: [CHAT] §l27...
[16:42:10] [Client thread/INFO]: [CHAT] §l26...
[16:42:11] [Client thread/INFO]: [CHAT] §l25...
[16:42:12] [Client thread/INFO]: [CHAT] §l24...
[16:42:13] [Client thread/INFO]: [CHAT] §l23...
[16:42:14] [Client thread/INFO]: [CHAT] §l22...
[16:42:15] [Client thread/INFO]: [CHAT] §l21...
[16:42:16] [Client thread/INFO]: [CHAT] §l20...
[16:42:17] [Client thread/INFO]: [CHAT] §l19...
[16:42:18] [Client thread/INFO]: [CHAT] §l18...
[16:42:19] [Client thread/INFO]: [CHAT] §l17...
[16:42:20] [Client thread/INFO]: [CHAT] §l16...
[16:42:21] [Client thread/INFO]: [CHAT] §l15...
[16:42:22] [Client thread/INFO]: [CHAT] §l14...
[16:42:23] [Client thread/INFO]: [CHAT] §l13...
[16:42:24] [Client thread/INFO]: [CHAT] §l12...
[16:42:25] [Client thread/INFO]: [CHAT] §l11...
[16:42:26] [Client thread/INFO]: [CHAT] §l10...
[16:42:27] [Client thread/INFO]: [CHAT] §l9...
[16:42:28] [Client thread/INFO]: [CHAT] §l8...
[16:42:29] [Client thread/INFO]: [CHAT] §l7...
[16:42:30] [Client thread/INFO]: [CHAT] §l6...
[16:42:31] [Client thread/INFO]: [CHAT] §c§l5...
[16:42:32] [Client thread/INFO]: [CHAT] §c§l4...
[16:42:33] [Client thread/INFO]: [CHAT] §c§l3...
[16:42:34] [Client thread/INFO]: [CHAT] §c§l2...
[16:42:35] [Client thread/INFO]: [CHAT] §c§l1...
[16:42:36] [Client thread/INFO]: [CHAT] §c§l0...
[16:42:44] [Server thread/INFO]: Received mission: §9Hello world!
[16:42:44] [Server thread/INFO]: Source: §a127.0.0.1
[16:42:44] [Client thread/INFO]: [CHAT] Received mission: §9Hello world!
[16:42:44] [Client thread/INFO]: [CHAT] Source: §a127.0.0.1
[16:42:44] [Client thread/INFO]: [CHAT] §l30...
[16:42:45] [Client thread/INFO]: [CHAT] §l29...
[16:42:46] [Client thread/INFO]: [CHAT] §l28...
[16:42:47] [Client thread/INFO]: [CHAT] §l27...
[16:42:48] [Client thread/INFO]: [CHAT] §l26...
[16:42:49] [Client thread/INFO]: [CHAT] §l25...
[16:42:50] [Client thread/INFO]: [CHAT] §l24...
[16:42:51] [Client thread/INFO]: [CHAT] §l23...
[16:42:52] [Client thread/INFO]: [CHAT] §l22...
[16:42:53] [Client thread/INFO]: [CHAT] §l21...
[16:42:54] [Client thread/INFO]: [CHAT] §l20...
[16:42:55] [Client thread/INFO]: [CHAT] §l19...
[16:42:56] [Client thread/INFO]: [CHAT] §l18...
[16:42:57] [Client thread/INFO]: [CHAT] §l17...
[16:42:58] [Client thread/INFO]: [CHAT] §l16...
[16:42:59] [Client thread/INFO]: [CHAT] §l15...
[16:43:00] [Client thread/INFO]: [CHAT] §l14...
[16:43:01] [Client thread/INFO]: [CHAT] §l13...
[16:43:02] [Client thread/INFO]: [CHAT] §l12...
[16:43:03] [Client thread/INFO]: [CHAT] §l11...
[16:43:04] [Client thread/INFO]: [CHAT] §l10...
[16:43:05] [Client thread/INFO]: [CHAT] §l9...
[16:43:06] [Client thread/INFO]: [CHAT] §l8...
[16:43:07] [Client thread/INFO]: [CHAT] §l7...
[16:43:08] [Client thread/INFO]: [CHAT] §l6...
[16:43:09] [Client thread/INFO]: [CHAT] §c§l5...
[16:43:10] [Client thread/INFO]: [CHAT] §c§l4...
[16:43:11] [Client thread/INFO]: [CHAT] §c§l3...
[16:43:12] [Client thread/INFO]: [CHAT] §c§l2...
[16:43:13] [Client thread/INFO]: [CHAT] §c§l1...
[16:43:14] [Client thread/INFO]: [CHAT] §c§l0...
[16:44:04] [Server thread/INFO]: Received mission: §9Hello world!
[16:44:04] [Server thread/INFO]: Source: §a127.0.0.1
[16:44:04] [Client thread/INFO]: [CHAT] Received mission: §9Hello world!
[16:44:04] [Client thread/INFO]: [CHAT] Source: §a127.0.0.1
[16:44:05] [Client thread/INFO]: [CHAT] §l30...
[16:44:06] [Client thread/INFO]: [CHAT] §l29...
[16:44:07] [Client thread/INFO]: [CHAT] §l28...
[16:44:08] [Client thread/INFO]: [CHAT] §l27...
[16:44:09] [Client thread/INFO]: [CHAT] §l26...
[16:44:10] [Client thread/INFO]: [CHAT] §l25...
[16:44:11] [Client thread/INFO]: [CHAT] §l24...
[16:44:12] [Client thread/INFO]: [CHAT] §l23...
[16:44:13] [Client thread/INFO]: [CHAT] §l22...
[16:44:14] [Client thread/INFO]: [CHAT] §l21...
[16:44:15] [Client thread/INFO]: [CHAT] §l20...
[16:44:16] [Client thread/INFO]: [CHAT] §l19...
[16:44:17] [Client thread/INFO]: [CHAT] §l18...
[16:44:18] [Client thread/INFO]: [CHAT] §l17...
[16:44:19] [Client thread/INFO]: [CHAT] §l16...
[16:44:20] [Client thread/INFO]: [CHAT] §l15...
[16:44:21] [Client thread/INFO]: [CHAT] §l14...
[16:44:22] [Client thread/INFO]: [CHAT] §l13...
[16:44:23] [Client thread/INFO]: [CHAT] §l12...
[16:44:24] [Client thread/INFO]: [CHAT] §l11...
[16:44:25] [Client thread/INFO]: [CHAT] §l10...
[16:44:26] [Client thread/INFO]: [CHAT] §l9...
[16:44:27] [Client thread/INFO]: [CHAT] §l8...
[16:44:28] [Client thread/INFO]: [CHAT] §l7...
[16:44:29] [Client thread/INFO]: [CHAT] §l6...
[16:44:30] [Client thread/INFO]: [CHAT] §c§l5...
[16:44:31] [Client thread/INFO]: [CHAT] §c§l4...
[16:44:32] [Client thread/INFO]: [CHAT] §c§l3...
[16:44:33] [Client thread/INFO]: [CHAT] §c§l2...
[16:44:34] [Client thread/INFO]: [CHAT] §c§l1...
[16:44:35] [Client thread/INFO]: [CHAT] §c§l0...
